<?xml version="1.0" encoding="UTF-8"?>
<!-- Generated by org.testng.reporters.JUnitReportReporter -->
<testsuite skipped="0" hostname="schakrab2l5" name="com.DocStudio.testcases.TC001_get_all_employees_data" tests="6" failures="0" timestamp="16 Dec 2019 13:45:05 GMT" time="0.059" errors="0">
  <testcase name="validaterResponseTime" time="0.012" classname="com.DocStudio.testcases.TC001_get_all_employees_data"/>
  <testcase name="validateAllHeader" time="0.016" classname="com.DocStudio.testcases.TC001_get_all_employees_data"/>
  <testcase name="validateHeaderIsNotNull" time="0.003" classname="com.DocStudio.testcases.TC001_get_all_employees_data"/>
  <testcase name="validateSingleHeader" time="0.001" classname="com.DocStudio.testcases.TC001_get_all_employees_data"/>
  <testcase name="validateStatusCode" time="0.003" classname="com.DocStudio.testcases.TC001_get_all_employees_data"/>
  <testcase name="validateResponseIsNotNull" time="0.024" classname="com.DocStudio.testcases.TC001_get_all_employees_data"/>
</testsuite> <!-- com.DocStudio.testcases.TC001_get_all_employees_data -->
